<?xml version="1.0" encoding="UTF-8"?>
<!-- Generated by org.testng.reporters.JUnitReportReporter -->
<testsuite hostname="hai-PC" name="test.footer" tests="1" failures="0" timestamp="26 Sep 2014 06:11:25 GMT" time="121.700" errors="0">
  <testcase name="f" time="121.700" classname="test.footer"/>
</testsuite> <!-- test.footer -->
