<?xml version="1.0" encoding="UTF-8"?>
<!-- Generated by org.testng.reporters.JUnitReportReporter -->
<testsuite hostname="hai-PC" name="test.NewTest" tests="1" failures="0" timestamp="26 Sep 2014 06:11:25 GMT" time="6.551" errors="0">
  <testcase name="f" time="6.551" classname="test.NewTest"/>
</testsuite> <!-- test.NewTest -->
